2021-07-14 21:15:48 | [INFO]    | Discordia 2.9.1
2021-07-14 21:15:48 | [INFO]    | Connecting to Discord...
2021-07-14 21:15:48 | [INFO]    | Authenticated as Ruby discord bot#5338
2021-07-14 21:15:49 | [INFO]    | Launching shard 0 (1 out of 1)...
2021-07-14 21:15:49 | [INFO]    | Shard 0 : Connected to wss://gateway.discord.gg
2021-07-14 21:15:49 | [INFO]    | Shard 0 : Received HELLO
2021-07-14 21:15:49 | [INFO]    | Shard 0 : Received READY
2021-07-14 21:16:21 | [INFO]    | Discordia 2.9.1
2021-07-14 21:16:21 | [INFO]    | Connecting to Discord...
2021-07-14 21:16:21 | [INFO]    | Authenticated as Ruby discord bot#5338
2021-07-14 21:16:21 | [INFO]    | Launching shard 0 (1 out of 1)...
2021-07-14 21:16:22 | [INFO]    | Shard 0 : Connected to wss://gateway.discord.gg
2021-07-14 21:16:22 | [INFO]    | Shard 0 : Received HELLO
2021-07-14 21:16:22 | [INFO]    | Shard 0 : Received READY
2021-07-16 23:02:24 | [INFO]    | Discordia 2.9.1
2021-07-16 23:02:24 | [INFO]    | Connecting to Discord...
2021-07-16 23:02:24 | [INFO]    | Authenticated as Ruby discord bot#5338
2021-07-16 23:02:25 | [INFO]    | Launching shard 0 (1 out of 1)...
2021-07-16 23:02:25 | [INFO]    | Shard 0 : Connected to wss://gateway.discord.gg
2021-07-16 23:02:25 | [INFO]    | Shard 0 : Received HELLO
2021-07-16 23:02:25 | [INFO]    | Shard 0 : Received READY
2021-07-16 23:04:16 | [INFO]    | Discordia 2.9.1
2021-07-16 23:04:16 | [INFO]    | Connecting to Discord...
2021-07-16 23:04:16 | [INFO]    | Authenticated as Ruby discord bot#5338
2021-07-16 23:04:16 | [INFO]    | Launching shard 0 (1 out of 1)...
2021-07-16 23:04:16 | [INFO]    | Shard 0 : Connected to wss://gateway.discord.gg
2021-07-16 23:04:16 | [INFO]    | Shard 0 : Received HELLO
2021-07-16 23:04:16 | [INFO]    | Shard 0 : Received READY
2021-07-16 23:04:55 | [INFO]    | Discordia 2.9.1
2021-07-16 23:04:55 | [INFO]    | Connecting to Discord...
2021-07-16 23:04:55 | [INFO]    | Authenticated as Ruby discord bot#5338
2021-07-16 23:04:55 | [INFO]    | Launching shard 0 (1 out of 1)...
2021-07-16 23:04:55 | [INFO]    | Shard 0 : Connected to wss://gateway.discord.gg
2021-07-16 23:04:55 | [INFO]    | Shard 0 : Received HELLO
2021-07-16 23:04:56 | [INFO]    | Shard 0 : Received READY
2021-07-16 23:05:13 | [INFO]    | Discordia 2.9.1
2021-07-16 23:05:13 | [INFO]    | Connecting to Discord...
2021-07-16 23:05:13 | [INFO]    | Authenticated as Ruby discord bot#5338
2021-07-16 23:05:13 | [INFO]    | Launching shard 0 (1 out of 1)...
2021-07-16 23:05:13 | [INFO]    | Shard 0 : Connected to wss://gateway.discord.gg
2021-07-16 23:05:13 | [INFO]    | Shard 0 : Received HELLO
2021-07-16 23:05:13 | [INFO]    | Shard 0 : Received READY
2021-07-16 23:09:03 | [INFO]    | Discordia 2.9.1
2021-07-16 23:09:03 | [INFO]    | Connecting to Discord...
2021-07-16 23:09:03 | [INFO]    | Authenticated as Ruby discord bot#5338
2021-07-16 23:09:03 | [INFO]    | Launching shard 0 (1 out of 1)...
2021-07-16 23:09:03 | [INFO]    | Shard 0 : Connected to wss://gateway.discord.gg
2021-07-16 23:09:03 | [INFO]    | Shard 0 : Received HELLO
2021-07-16 23:09:03 | [INFO]    | Shard 0 : Received READY
